  GameObject.cpp
  Main.cpp
Main.cpp(123): warning C4244: '=': conversion from 'double' to 'float', possible loss of data
Main.cpp(124): warning C4244: '=': conversion from 'double' to 'float', possible loss of data
Main.cpp(125): warning C4244: '=': conversion from 'double' to 'float', possible loss of data
Main.cpp(126): warning C4244: '=': conversion from 'double' to 'float', possible loss of data
Main.cpp(225): warning C4244: 'initializing': conversion from 'double' to 'float', possible loss of data
Main.cpp(376): warning C4244: '=': conversion from 'double' to 'float', possible loss of data
Main.cpp(377): warning C4244: '=': conversion from 'double' to 'float', possible loss of data
Main.cpp(378): warning C4244: '=': conversion from 'double' to 'float', possible loss of data
Main.cpp(379): warning C4244: '=': conversion from 'double' to 'float', possible loss of data
Main.cpp(417): warning C4244: 'initializing': conversion from 'float' to 'int', possible loss of data
Main.cpp(427): warning C4244: 'initializing': conversion from 'float' to 'int', possible loss of data
  ModelComponent.cpp
ModelComponent.cpp(225): warning C4244: '=': conversion from 'double' to 'float', possible loss of data
ModelComponent.cpp(227): warning C4244: '=': conversion from 'double' to 'float', possible loss of data
ModelComponent.cpp(229): warning C4244: '=': conversion from 'double' to 'float', possible loss of data
ModelComponent.cpp(236): warning C4244: '=': conversion from 'double' to 'float', possible loss of data
ModelComponent.cpp(238): warning C4244: '=': conversion from 'double' to 'float', possible loss of data
ModelComponent.cpp(240): warning C4244: '=': conversion from 'double' to 'float', possible loss of data
ModelComponent.cpp(242): warning C4244: '=': conversion from 'double' to 'float', possible loss of data
ModelComponent.cpp(244): warning C4244: '=': conversion from 'double' to 'float', possible loss of data
ModelComponent.cpp(246): warning C4244: '=': conversion from 'double' to 'float', possible loss of data
  PlayerComponent.cpp
PlayerComponent.cpp(43): warning C4244: 'initializing': conversion from 'double' to 'float', possible loss of data
PlayerComponent.cpp(44): warning C4244: 'initializing': conversion from 'double' to 'float', possible loss of data
PlayerComponent.cpp(61): warning C4244: 'initializing': conversion from 'double' to 'float', possible loss of data
PlayerComponent.cpp(62): warning C4244: 'initializing': conversion from 'double' to 'float', possible loss of data
PlayerComponent.cpp(79): warning C4244: 'initializing': conversion from 'double' to 'float', possible loss of data
PlayerComponent.cpp(80): warning C4244: 'initializing': conversion from 'double' to 'float', possible loss of data
PlayerComponent.cpp(97): warning C4244: 'initializing': conversion from 'double' to 'float', possible loss of data
PlayerComponent.cpp(98): warning C4244: 'initializing': conversion from 'double' to 'float', possible loss of data
  Generating code
  2 of 1153 functions ( 0.2%) were compiled, the rest were copied from previous compilation.
    1 functions were new in current compilation
    2 functions had inline decision re-evaluated but remain unchanged
  Finished generating code
  wk2_fps.vcxproj -> D:\Repos\3DGraphicsEindopdracht\x64\Release\3DGraphicsEindopdracht.exe
